  *******************************************
  *                                         *
  *        W E L C O M E  to  R O O T       *
  *                                         *
  *   Version  5.27/06b   5 November 2010   *
  *                                         *
  *  You are welcome to visit our Web site  *
  *          http://root.cern.ch            *
  *                                         *
  *******************************************

ROOT 5.27/06b (branches/v5-27-06-patches@36515, Nov 05 2010, 15:46:56 on linuxx8664gcc)

CINT/ROOT C/C++ Interpreter version 5.18.00, July 2, 2010
Type ? for help. Commands must be C++ statements.
Enclose multiple statements between { }.
pthat = 280  pthatmax =9999sstart working
HltTree: 157000 entries loaded.
SkimTree: 157000 entries loaded.
EvtTree: 157000 entries loaded.
AkPu2jetTree: 157000 entries loaded.
AkPu3jetTree: 157000 entries loaded.
Ak3jetTree: 157000 entries loaded.
AkPu4jetTree: 157000 entries loaded.
AkPu2CaloJetTree: 157000 entries loaded.
AkPu3CaloJetTree: 157000 entries loaded.
AkPu4CaloJetTree: 157000 entries loaded.
TrackTree: 157000 entries loaded.
PhotonTree: 157000 entries loaded.
PFTree: 157000 entries loaded.
MetTree: 157000 entries loaded.
TowerTree: 157000 entries loaded.
HbheTree: 157000 entries loaded.
EbTree: 157000 entries loaded.
GenpTree: 157000 entries loaded.
GenParticleTree: 157000 entries loaded.
Input file/mnt/hadoop/cms/store/user/dgulhan/ppHiIterativeTrack/P01/prod24/Signal_Pythia_pt280/HiForest_v84_merged01/pt280_JEC_ppHiIterativeTrack_P01_prod24_v84_merged_forest_0.root
GenPart0
Number of events =157000
 coll = PP evt = 1  coll = PP evt = 10001  coll = PP evt = 20001  coll = PP evt = 30001  coll = PP evt = 40001 coll = PP evt = 60001
 coll = PP evt = 70001
  coll = PP evt = 70001  coll = PP evt = 80001  coll = PP evt = 90001
 coll = PP evt = 120001
 coll = PP evt = 130001
 coll = PP evt = 140001
 coll = PP evt = 150001
 coll = PP evt = 170001
 coll = PP evt = 180001
Output file: MCPP_RefJetPt100_SimTrk1EtaCut20Limit3_ERbkgJSNormJetCone3_CenBin1_Nrbin6_LJbin1pthat220_pt220_JEC_ppHiIterativeTrack_P01_prod24_v84_merged_forest_0.root
working done
