  *******************************************
  *                                         *
  *        W E L C O M E  to  R O O T       *
  *                                         *
  *   Version   5.32/00   2 December 2011   *
  *                                         *
  *  You are welcome to visit our Web site  *
  *          http://root.cern.ch            *
  *                                         *
  *******************************************

ROOT 5.32/00 (branches/v5-32-00-patches@42372, Nov 19 2012, 10:56:00 on linuxx8664gcc)

CINT/ROOT C/C++ Interpreter version 5.18.00, July 2, 2010
Type ? for help. Commands must be C++ statements.
Enclose multiple statements between { }.
0
start working
Collision Mode: P+Pb
HltTree: 30938610 entries loaded.
SkimTree: 30938610 entries loaded.
EvtTree: 30938610 entries loaded.
AkPu3jetTree: 30938610 entries loaded.
Ak3jetTree: 30938610 entries loaded.
AkPu3CaloJetTree: 30938610 entries loaded.
Ak3CaloJetTree: 30938610 entries loaded.
TrackTree: 30938610 entries loaded.
Input file/mnt/hadoop/cms/store/user/ymao/hiForest/PA2013/PA2013_HiForest_PromptReco_KrisztianMB_JSonPPb_forestv84.root
Number of events =30938610
 coll = PPb weight = 1 evt = 2250001
 coll = PPb weight = 1 evt = 2580001
 coll = PPb weight = 1 evt = 2670001
 coll = PPb weight = 1 evt = 3250001
 coll = PPb weight = 1 evt = 3790001
 coll = PPb weight = 1 evt = 4270001
 coll = PPb weight = 1 evt = 21050001
 coll = PPb weight = 1 evt = 29710001
 coll = PPb weight = 1 evt = 30140001
 coll = PPb weight = 1 evt = 30460001
Output file: DATAPPb_AkPu3PFJet2013HistIterTrkCorrtest1EtaCut24pthat0_PA2013_HiForest_PromptReco_KrisztianMB_JSonPPb_forestv84.root
working done
